<?xml version="1.0" encoding="utf-8" standalone="no"?>
<!--This file represents the results of running a test suite-->
<test-results name="C:\Prompt11\PROMPT11\uc01\repos\PROMPT11-02-AdvancedProgramming.lzacarias\Trabalho Final\Mod02-FinalWork\ChelasInjection.Tests\bin\Debug\ChelasInjection.Tests.dll" total="25" errors="16" failures="5" not-run="0" inconclusive="0" ignored="0" skipped="0" invalid="0" date="2011-06-16" time="22:17:53">
  <environment nunit-version="2.5.10.11092" clr-version="2.0.50727.4959" os-version="Microsoft Windows NT 6.1.7600.0" platform="Win32NT" cwd="C:\Prompt11\PROMPT11\uc01\repos\PROMPT11-02-AdvancedProgramming.lzacarias\Trabalho Final\Mod02-FinalWork\packages\NUnit.2.5.10.11092\tools" machine-name="ZACA-PC" user="Zaca" user-domain="Zaca-PC" />
  <culture-info current-culture="pt-PT" current-uiculture="en-US" />
  <test-suite type="Assembly" name="C:\Prompt11\PROMPT11\uc01\repos\PROMPT11-02-AdvancedProgramming.lzacarias\Trabalho Final\Mod02-FinalWork\ChelasInjection.Tests\bin\Debug\ChelasInjection.Tests.dll" executed="True" result="Failure" success="False" time="3.535" asserts="0">
    <results>
      <test-suite type="Namespace" name="ChelasInjection" executed="True" result="Failure" success="False" time="3.449" asserts="0">
        <results>
          <test-suite type="Namespace" name="Tests" executed="True" result="Failure" success="False" time="3.445" asserts="0">
            <results>
              <test-suite type="TestFixture" name="ChelasInjectionTests" executed="True" result="Failure" success="False" time="3.430" asserts="0">
                <results>
                  <test-case name="ChelasInjection.Tests.ChelasInjectionTests.ShouldChooseTheConstructorAnotatedWithDefaulAttributeForISomeInterface5" executed="True" result="Error" success="False" time="0.918" asserts="0">
                    <failure>
                      <message><![CDATA[System.Reflection.TargetInvocationException : Exception has been thrown by the target of an invocation.
  ----> System.NotImplementedException : The method or operation is not implemented.]]></message>
                      <stack-trace><![CDATA[at System.RuntimeMethodHandle._InvokeConstructor(IRuntimeMethodInfo method, Object[] args, SignatureStruct& signature, RuntimeType declaringType)
at System.Reflection.RuntimeConstructorInfo.Invoke(BindingFlags invokeAttr, Binder binder, Object[] parameters, CultureInfo culture)
at System.Reflection.ConstructorInfo.Invoke(Object[] parameters)
at ChelasInjection.Injector.GetInstance(Type type) in C:\Prompt11\PROMPT11\uc01\repos\PROMPT11-02-AdvancedProgramming.lzacarias\Trabalho Final\Mod02-FinalWork\ChelasInjection\Injector.cs:line 63
at ChelasInjection.Injector.<GetInstance>b__2(ParameterInfo param1) in C:\Prompt11\PROMPT11\uc01\repos\PROMPT11-02-AdvancedProgramming.lzacarias\Trabalho Final\Mod02-FinalWork\ChelasInjection\Injector.cs:line 62
at System.Linq.Enumerable.WhereSelectArrayIterator`2.MoveNext()
at System.Linq.Buffer`1..ctor(IEnumerable`1 source)
at System.Linq.Enumerable.ToArray[TSource](IEnumerable`1 source)
at ChelasInjection.Injector.GetInstance(Type type) in C:\Prompt11\PROMPT11\uc01\repos\PROMPT11-02-AdvancedProgramming.lzacarias\Trabalho Final\Mod02-FinalWork\ChelasInjection\Injector.cs:line 62
at ChelasInjection.Injector.GetInstance[T]() in C:\Prompt11\PROMPT11\uc01\repos\PROMPT11-02-AdvancedProgramming.lzacarias\Trabalho Final\Mod02-FinalWork\ChelasInjection\Injector.cs:line 86
at ChelasInjection.Tests.ChelasInjectionTests.ShouldChooseTheConstructorAnotatedWithDefaulAttributeForISomeInterface5() in C:\Prompt11\PROMPT11\uc01\repos\PROMPT11-02-AdvancedProgramming.lzacarias\Trabalho Final\Mod02-FinalWork\ChelasInjection.Tests\ChelasInjectionTests.cs:line 253
--NotImplementedException
at ChelasInjection.SampleTypes.SomeInterface1Impl..ctor(ISomeInterface5 i5) in C:\Prompt11\PROMPT11\uc01\repos\PROMPT11-02-AdvancedProgramming.lzacarias\Trabalho Final\Mod02-FinalWork\ChelasInjection.SampleTypes\SomeInterface1Impl.cs:line 13
]]></stack-trace>
                    </failure>
                  </test-case>
                  <test-case name="ChelasInjection.Tests.ChelasInjectionTests.ShouldChooseTheConstructorWithMoreBindedArgumenstByDefault" executed="True" result="Error" success="False" time="0.008" asserts="0">
                    <failure>
                      <message><![CDATA[System.Reflection.TargetInvocationException : Exception has been thrown by the target of an invocation.
  ----> System.NotImplementedException : The method or operation is not implemented.]]></message>
                      <stack-trace><![CDATA[at System.RuntimeMethodHandle._InvokeConstructor(IRuntimeMethodInfo method, Object[] args, SignatureStruct& signature, RuntimeType declaringType)
at System.Reflection.RuntimeConstructorInfo.Invoke(BindingFlags invokeAttr, Binder binder, Object[] parameters, CultureInfo culture)
at System.Reflection.ConstructorInfo.Invoke(Object[] parameters)
at ChelasInjection.Injector.GetInstance(Type type) in C:\Prompt11\PROMPT11\uc01\repos\PROMPT11-02-AdvancedProgramming.lzacarias\Trabalho Final\Mod02-FinalWork\ChelasInjection\Injector.cs:line 63
at ChelasInjection.Injector.<GetInstance>b__2(ParameterInfo param1) in C:\Prompt11\PROMPT11\uc01\repos\PROMPT11-02-AdvancedProgramming.lzacarias\Trabalho Final\Mod02-FinalWork\ChelasInjection\Injector.cs:line 62
at System.Linq.Enumerable.WhereSelectArrayIterator`2.MoveNext()
at System.Linq.Buffer`1..ctor(IEnumerable`1 source)
at System.Linq.Enumerable.ToArray[TSource](IEnumerable`1 source)
at ChelasInjection.Injector.GetInstance(Type type) in C:\Prompt11\PROMPT11\uc01\repos\PROMPT11-02-AdvancedProgramming.lzacarias\Trabalho Final\Mod02-FinalWork\ChelasInjection\Injector.cs:line 62
at ChelasInjection.Injector.GetInstance[T]() in C:\Prompt11\PROMPT11\uc01\repos\PROMPT11-02-AdvancedProgramming.lzacarias\Trabalho Final\Mod02-FinalWork\ChelasInjection\Injector.cs:line 86
at ChelasInjection.Tests.ChelasInjectionTests.ShouldChooseTheConstructorWithMoreBindedArgumenstByDefault() in C:\Prompt11\PROMPT11\uc01\repos\PROMPT11-02-AdvancedProgramming.lzacarias\Trabalho Final\Mod02-FinalWork\ChelasInjection.Tests\ChelasInjectionTests.cs:line 239
--NotImplementedException
at ChelasInjection.SampleTypes.SomeInterface1Impl..ctor(ISomeInterface5 i5) in C:\Prompt11\PROMPT11\uc01\repos\PROMPT11-02-AdvancedProgramming.lzacarias\Trabalho Final\Mod02-FinalWork\ChelasInjection.SampleTypes\SomeInterface1Impl.cs:line 13
]]></stack-trace>
                    </failure>
                  </test-case>
                  <test-case name="ChelasInjection.Tests.ChelasInjectionTests.ShouldChooseTheCorrectConstructorWhenWithConstructorOperatorIsUsedForISomeInterface2" executed="True" result="Error" success="False" time="0.008" asserts="0">
                    <failure>
                      <message><![CDATA[ChelasInjection.Exceptions.UnboundTypeException : type ISomeInterface3 nao encontrado no dicionario de binds]]></message>
                      <stack-trace><![CDATA[at ChelasInjection.Injector.GetInstance(Type type) in C:\Prompt11\PROMPT11\uc01\repos\PROMPT11-02-AdvancedProgramming.lzacarias\Trabalho Final\Mod02-FinalWork\ChelasInjection\Injector.cs:line 50
at ChelasInjection.Injector.GetInstance[T]() in C:\Prompt11\PROMPT11\uc01\repos\PROMPT11-02-AdvancedProgramming.lzacarias\Trabalho Final\Mod02-FinalWork\ChelasInjection\Injector.cs:line 86
at ChelasInjection.Tests.ChelasInjectionTests.ShouldChooseTheCorrectConstructorWhenWithConstructorOperatorIsUsedForISomeInterface2() in C:\Prompt11\PROMPT11\uc01\repos\PROMPT11-02-AdvancedProgramming.lzacarias\Trabalho Final\Mod02-FinalWork\ChelasInjection.Tests\ChelasInjectionTests.cs:line 267
]]></stack-trace>
                    </failure>
                  </test-case>
                  <test-case name="ChelasInjection.Tests.ChelasInjectionTests.ShouldChooseTheNoArgumentsConstructorWhenNoArgumentsConstructorOperatorIsUsedForISomeInterface1" executed="True" result="Error" success="False" time="0.007" asserts="0">
                    <failure>
                      <message><![CDATA[System.Reflection.TargetInvocationException : Exception has been thrown by the target of an invocation.
  ----> System.NotImplementedException : The method or operation is not implemented.]]></message>
                      <stack-trace><![CDATA[at System.RuntimeMethodHandle._InvokeConstructor(IRuntimeMethodInfo method, Object[] args, SignatureStruct& signature, RuntimeType declaringType)
at System.Reflection.RuntimeConstructorInfo.Invoke(BindingFlags invokeAttr, Binder binder, Object[] parameters, CultureInfo culture)
at System.Reflection.ConstructorInfo.Invoke(Object[] parameters)
at ChelasInjection.Injector.GetInstance(Type type) in C:\Prompt11\PROMPT11\uc01\repos\PROMPT11-02-AdvancedProgramming.lzacarias\Trabalho Final\Mod02-FinalWork\ChelasInjection\Injector.cs:line 63
at ChelasInjection.Injector.GetInstance[T]() in C:\Prompt11\PROMPT11\uc01\repos\PROMPT11-02-AdvancedProgramming.lzacarias\Trabalho Final\Mod02-FinalWork\ChelasInjection\Injector.cs:line 86
at ChelasInjection.Tests.ChelasInjectionTests.ShouldChooseTheNoArgumentsConstructorWhenNoArgumentsConstructorOperatorIsUsedForISomeInterface1() in C:\Prompt11\PROMPT11\uc01\repos\PROMPT11-02-AdvancedProgramming.lzacarias\Trabalho Final\Mod02-FinalWork\ChelasInjection.Tests\ChelasInjectionTests.cs:line 283
--NotImplementedException
at ChelasInjection.SampleTypes.SomeInterface1Impl..ctor(ISomeInterface5 i5) in C:\Prompt11\PROMPT11\uc01\repos\PROMPT11-02-AdvancedProgramming.lzacarias\Trabalho Final\Mod02-FinalWork\ChelasInjection.SampleTypes\SomeInterface1Impl.cs:line 13
]]></stack-trace>
                    </failure>
                  </test-case>
                  <test-case name="ChelasInjection.Tests.ChelasInjectionTests.ShouldCreateAnInstanceForAnUnboundTypeWithPublicConstructors" executed="True" result="Error" success="False" time="0.006" asserts="0">
                    <failure>
                      <message><![CDATA[ChelasInjection.Exceptions.UnboundTypeException : type SomeClass5 nao encontrado no dicionario de binds]]></message>
                      <stack-trace><![CDATA[at ChelasInjection.Injector.GetInstance(Type type) in C:\Prompt11\PROMPT11\uc01\repos\PROMPT11-02-AdvancedProgramming.lzacarias\Trabalho Final\Mod02-FinalWork\ChelasInjection\Injector.cs:line 50
at ChelasInjection.Injector.GetInstance[T]() in C:\Prompt11\PROMPT11\uc01\repos\PROMPT11-02-AdvancedProgramming.lzacarias\Trabalho Final\Mod02-FinalWork\ChelasInjection\Injector.cs:line 86
at ChelasInjection.Tests.ChelasInjectionTests.ShouldCreateAnInstanceForAnUnboundTypeWithPublicConstructors() in C:\Prompt11\PROMPT11\uc01\repos\PROMPT11-02-AdvancedProgramming.lzacarias\Trabalho Final\Mod02-FinalWork\ChelasInjection.Tests\ChelasInjectionTests.cs:line 126
]]></stack-trace>
                    </failure>
                  </test-case>
                  <test-case name="ChelasInjection.Tests.ChelasInjectionTests.ShouldCreateASomeClass2InstanceForSomeClass2RequestWithSelfBindConfiguration" executed="True" result="Success" success="True" time="0.057" asserts="1" />
                  <test-case name="ChelasInjection.Tests.ChelasInjectionTests.ShouldCreateASomeClass4InstanceForSomeClass4Request" executed="True" result="Success" success="True" time="0.004" asserts="1" />
                  <test-case name="ChelasInjection.Tests.ChelasInjectionTests.ShouldCreateASomeInterface1ImplInstanceForISomeInterface1Request" executed="True" result="Error" success="False" time="0.009" asserts="0">
                    <failure>
                      <message><![CDATA[System.Reflection.TargetInvocationException : Exception has been thrown by the target of an invocation.
  ----> System.NotImplementedException : The method or operation is not implemented.]]></message>
                      <stack-trace><![CDATA[at System.RuntimeMethodHandle._InvokeConstructor(IRuntimeMethodInfo method, Object[] args, SignatureStruct& signature, RuntimeType declaringType)
at System.Reflection.RuntimeConstructorInfo.Invoke(BindingFlags invokeAttr, Binder binder, Object[] parameters, CultureInfo culture)
at System.Reflection.ConstructorInfo.Invoke(Object[] parameters)
at ChelasInjection.Injector.GetInstance(Type type) in C:\Prompt11\PROMPT11\uc01\repos\PROMPT11-02-AdvancedProgramming.lzacarias\Trabalho Final\Mod02-FinalWork\ChelasInjection\Injector.cs:line 63
at ChelasInjection.Injector.GetInstance[T]() in C:\Prompt11\PROMPT11\uc01\repos\PROMPT11-02-AdvancedProgramming.lzacarias\Trabalho Final\Mod02-FinalWork\ChelasInjection\Injector.cs:line 86
at ChelasInjection.Tests.ChelasInjectionTests.ShouldCreateASomeInterface1ImplInstanceForISomeInterface1Request() in C:\Prompt11\PROMPT11\uc01\repos\PROMPT11-02-AdvancedProgramming.lzacarias\Trabalho Final\Mod02-FinalWork\ChelasInjection.Tests\ChelasInjectionTests.cs:line 57
--NotImplementedException
at ChelasInjection.SampleTypes.SomeInterface1Impl..ctor(ISomeInterface5 i5) in C:\Prompt11\PROMPT11\uc01\repos\PROMPT11-02-AdvancedProgramming.lzacarias\Trabalho Final\Mod02-FinalWork\ChelasInjection.SampleTypes\SomeInterface1Impl.cs:line 13
]]></stack-trace>
                    </failure>
                  </test-case>
                  <test-case name="ChelasInjection.Tests.ChelasInjectionTests.ShouldCreateASomeInterface2ImplInstanceForISomeInterface2RequestAndAlsoCreateItsDependencies" executed="True" result="Error" success="False" time="0.006" asserts="0">
                    <failure>
                      <message><![CDATA[ChelasInjection.Exceptions.UnboundTypeException : type ISomeInterface2 nao encontrado no dicionario de binds]]></message>
                      <stack-trace><![CDATA[at ChelasInjection.Injector.GetInstance(Type type) in C:\Prompt11\PROMPT11\uc01\repos\PROMPT11-02-AdvancedProgramming.lzacarias\Trabalho Final\Mod02-FinalWork\ChelasInjection\Injector.cs:line 50
at ChelasInjection.Injector.GetInstance[T]() in C:\Prompt11\PROMPT11\uc01\repos\PROMPT11-02-AdvancedProgramming.lzacarias\Trabalho Final\Mod02-FinalWork\ChelasInjection\Injector.cs:line 86
at ChelasInjection.Tests.ChelasInjectionTests.ShouldCreateASomeInterface2ImplInstanceForISomeInterface2RequestAndAlsoCreateItsDependencies() in C:\Prompt11\PROMPT11\uc01\repos\PROMPT11-02-AdvancedProgramming.lzacarias\Trabalho Final\Mod02-FinalWork\ChelasInjection.Tests\ChelasInjectionTests.cs:line 67
]]></stack-trace>
                    </failure>
                  </test-case>
                  <test-case name="ChelasInjection.Tests.ChelasInjectionTests.ShouldCreateASomeInterface3ImplInstanceForISomeInterface2RequestAndAlsoCreateItsDependencies" executed="True" result="Error" success="False" time="0.008" asserts="0">
                    <failure>
                      <message><![CDATA[ChelasInjection.Exceptions.UnboundTypeException : type ISomeInterface3 nao encontrado no dicionario de binds]]></message>
                      <stack-trace><![CDATA[at ChelasInjection.Injector.GetInstance(Type type) in C:\Prompt11\PROMPT11\uc01\repos\PROMPT11-02-AdvancedProgramming.lzacarias\Trabalho Final\Mod02-FinalWork\ChelasInjection\Injector.cs:line 50
at ChelasInjection.Injector.GetInstance[T]() in C:\Prompt11\PROMPT11\uc01\repos\PROMPT11-02-AdvancedProgramming.lzacarias\Trabalho Final\Mod02-FinalWork\ChelasInjection\Injector.cs:line 86
at ChelasInjection.Tests.ChelasInjectionTests.ShouldCreateASomeInterface3ImplInstanceForISomeInterface2RequestAndAlsoCreateItsDependencies() in C:\Prompt11\PROMPT11\uc01\repos\PROMPT11-02-AdvancedProgramming.lzacarias\Trabalho Final\Mod02-FinalWork\ChelasInjection.Tests\ChelasInjectionTests.cs:line 77
]]></stack-trace>
                    </failure>
                  </test-case>
                  <test-case name="ChelasInjection.Tests.ChelasInjectionTests.ShouldExecuteInitializationExpressionForISomeInterface2Impl" executed="True" result="Error" success="False" time="0.006" asserts="0">
                    <failure>
                      <message><![CDATA[ChelasInjection.Exceptions.UnboundTypeException : type ISomeInterface2 nao encontrado no dicionario de binds]]></message>
                      <stack-trace><![CDATA[at ChelasInjection.Injector.GetInstance(Type type) in C:\Prompt11\PROMPT11\uc01\repos\PROMPT11-02-AdvancedProgramming.lzacarias\Trabalho Final\Mod02-FinalWork\ChelasInjection\Injector.cs:line 50
at ChelasInjection.Injector.GetInstance[T]() in C:\Prompt11\PROMPT11\uc01\repos\PROMPT11-02-AdvancedProgramming.lzacarias\Trabalho Final\Mod02-FinalWork\ChelasInjection\Injector.cs:line 86
at ChelasInjection.Tests.ChelasInjectionTests.ShouldExecuteInitializationExpressionForISomeInterface2Impl() in C:\Prompt11\PROMPT11\uc01\repos\PROMPT11-02-AdvancedProgramming.lzacarias\Trabalho Final\Mod02-FinalWork\ChelasInjection.Tests\ChelasInjectionTests.cs:line 224
]]></stack-trace>
                    </failure>
                  </test-case>
                  <test-case name="ChelasInjection.Tests.ChelasInjectionTests.ShouldGivePriorirtyToCustomResolverAlthoughSomeClass7IsBound" executed="True" result="Failure" success="False" time="0.091" asserts="2">
                    <failure>
                      <message><![CDATA[  Expected: null
  But was:  <ChelasInjection.SampleTypes.SomeClass6>
]]></message>
                      <stack-trace><![CDATA[at ChelasInjection.Tests.ChelasInjectionTests.ShouldGivePriorirtyToCustomResolverAlthoughSomeClass7IsBound() in C:\Prompt11\PROMPT11\uc01\repos\PROMPT11-02-AdvancedProgramming.lzacarias\Trabalho Final\Mod02-FinalWork\ChelasInjection.Tests\ChelasInjectionTests.cs:line 348
]]></stack-trace>
                    </failure>
                  </test-case>
                  <test-case name="ChelasInjection.Tests.ChelasInjectionTests.ShouldHaveDefautActivationOnDependencies" executed="True" result="Error" success="False" time="0.005" asserts="0">
                    <failure>
                      <message><![CDATA[ChelasInjection.Exceptions.UnboundTypeException : type ISomeInterface2 nao encontrado no dicionario de binds]]></message>
                      <stack-trace><![CDATA[at ChelasInjection.Injector.GetInstance(Type type) in C:\Prompt11\PROMPT11\uc01\repos\PROMPT11-02-AdvancedProgramming.lzacarias\Trabalho Final\Mod02-FinalWork\ChelasInjection\Injector.cs:line 50
at ChelasInjection.Injector.GetInstance[T]() in C:\Prompt11\PROMPT11\uc01\repos\PROMPT11-02-AdvancedProgramming.lzacarias\Trabalho Final\Mod02-FinalWork\ChelasInjection\Injector.cs:line 86
at ChelasInjection.Tests.ChelasInjectionTests.ShouldHaveDefautActivationOnDependencies() in C:\Prompt11\PROMPT11\uc01\repos\PROMPT11-02-AdvancedProgramming.lzacarias\Trabalho Final\Mod02-FinalWork\ChelasInjection.Tests\ChelasInjectionTests.cs:line 167
]]></stack-trace>
                    </failure>
                  </test-case>
                  <test-case name="ChelasInjection.Tests.ChelasInjectionTests.ShouldHavePerCallActivationForDependenciesISomeInterface3Instances" executed="True" result="Error" success="False" time="0.006" asserts="0">
                    <failure>
                      <message><![CDATA[ChelasInjection.Exceptions.UnboundTypeException : type ISomeInterface3 nao encontrado no dicionario de binds]]></message>
                      <stack-trace><![CDATA[at ChelasInjection.Injector.GetInstance(Type type) in C:\Prompt11\PROMPT11\uc01\repos\PROMPT11-02-AdvancedProgramming.lzacarias\Trabalho Final\Mod02-FinalWork\ChelasInjection\Injector.cs:line 50
at ChelasInjection.Injector.GetInstance[T]() in C:\Prompt11\PROMPT11\uc01\repos\PROMPT11-02-AdvancedProgramming.lzacarias\Trabalho Final\Mod02-FinalWork\ChelasInjection\Injector.cs:line 86
at ChelasInjection.Tests.ChelasInjectionTests.ShouldHavePerCallActivationForDependenciesISomeInterface3Instances() in C:\Prompt11\PROMPT11\uc01\repos\PROMPT11-02-AdvancedProgramming.lzacarias\Trabalho Final\Mod02-FinalWork\ChelasInjection.Tests\ChelasInjectionTests.cs:line 208
]]></stack-trace>
                    </failure>
                  </test-case>
                  <test-case name="ChelasInjection.Tests.ChelasInjectionTests.ShouldHavePerRequestActivationForISomeInterface2Request" executed="True" result="Error" success="False" time="0.005" asserts="0">
                    <failure>
                      <message><![CDATA[ChelasInjection.Exceptions.UnboundTypeException : type ISomeInterface2 nao encontrado no dicionario de binds]]></message>
                      <stack-trace><![CDATA[at ChelasInjection.Injector.GetInstance(Type type) in C:\Prompt11\PROMPT11\uc01\repos\PROMPT11-02-AdvancedProgramming.lzacarias\Trabalho Final\Mod02-FinalWork\ChelasInjection\Injector.cs:line 50
at ChelasInjection.Injector.GetInstance[T]() in C:\Prompt11\PROMPT11\uc01\repos\PROMPT11-02-AdvancedProgramming.lzacarias\Trabalho Final\Mod02-FinalWork\ChelasInjection\Injector.cs:line 86
at ChelasInjection.Tests.ChelasInjectionTests.ShouldHavePerRequestActivationForISomeInterface2Request() in C:\Prompt11\PROMPT11\uc01\repos\PROMPT11-02-AdvancedProgramming.lzacarias\Trabalho Final\Mod02-FinalWork\ChelasInjection.Tests\ChelasInjectionTests.cs:line 180
]]></stack-trace>
                    </failure>
                  </test-case>
                  <test-case name="ChelasInjection.Tests.ChelasInjectionTests.ShouldHavePerRequestActivationForNotBoundClass8ButWithCustomResolverProvidedInstance" executed="True" result="Failure" success="False" time="0.018" asserts="3">
                    <failure>
                      <message><![CDATA[  Expected: same as <ChelasInjection.SampleTypes.SomeClass6>
  But was:  null
]]></message>
                      <stack-trace><![CDATA[at ChelasInjection.Tests.ChelasInjectionTests.ShouldHavePerRequestActivationForNotBoundClass8ButWithCustomResolverProvidedInstance() in C:\Prompt11\PROMPT11\uc01\repos\PROMPT11-02-AdvancedProgramming.lzacarias\Trabalho Final\Mod02-FinalWork\ChelasInjection.Tests\ChelasInjectionTests.cs:line 376
]]></stack-trace>
                    </failure>
                  </test-case>
                  <test-case name="ChelasInjection.Tests.ChelasInjectionTests.ShouldHavePerRequestAsDefaultActivation" executed="True" result="Error" success="False" time="0.007" asserts="0">
                    <failure>
                      <message><![CDATA[System.Reflection.TargetInvocationException : Exception has been thrown by the target of an invocation.
  ----> System.NotImplementedException : The method or operation is not implemented.]]></message>
                      <stack-trace><![CDATA[at System.RuntimeMethodHandle._InvokeConstructor(IRuntimeMethodInfo method, Object[] args, SignatureStruct& signature, RuntimeType declaringType)
at System.Reflection.RuntimeConstructorInfo.Invoke(BindingFlags invokeAttr, Binder binder, Object[] parameters, CultureInfo culture)
at System.Reflection.ConstructorInfo.Invoke(Object[] parameters)
at ChelasInjection.Injector.GetInstance(Type type) in C:\Prompt11\PROMPT11\uc01\repos\PROMPT11-02-AdvancedProgramming.lzacarias\Trabalho Final\Mod02-FinalWork\ChelasInjection\Injector.cs:line 63
at ChelasInjection.Injector.GetInstance[T]() in C:\Prompt11\PROMPT11\uc01\repos\PROMPT11-02-AdvancedProgramming.lzacarias\Trabalho Final\Mod02-FinalWork\ChelasInjection\Injector.cs:line 86
at ChelasInjection.Tests.ChelasInjectionTests.ShouldHavePerRequestAsDefaultActivation() in C:\Prompt11\PROMPT11\uc01\repos\PROMPT11-02-AdvancedProgramming.lzacarias\Trabalho Final\Mod02-FinalWork\ChelasInjection.Tests\ChelasInjectionTests.cs:line 153
--NotImplementedException
at ChelasInjection.SampleTypes.SomeInterface1Impl..ctor(ISomeInterface5 i5) in C:\Prompt11\PROMPT11\uc01\repos\PROMPT11-02-AdvancedProgramming.lzacarias\Trabalho Final\Mod02-FinalWork\ChelasInjection.SampleTypes\SomeInterface1Impl.cs:line 13
]]></stack-trace>
                    </failure>
                  </test-case>
                  <test-case name="ChelasInjection.Tests.ChelasInjectionTests.ShouldHaveSingletonActivationForISomeInterface3Request" executed="True" result="Error" success="False" time="0.005" asserts="0">
                    <failure>
                      <message><![CDATA[ChelasInjection.Exceptions.UnboundTypeException : type ISomeInterface3 nao encontrado no dicionario de binds]]></message>
                      <stack-trace><![CDATA[at ChelasInjection.Injector.GetInstance(Type type) in C:\Prompt11\PROMPT11\uc01\repos\PROMPT11-02-AdvancedProgramming.lzacarias\Trabalho Final\Mod02-FinalWork\ChelasInjection\Injector.cs:line 50
at ChelasInjection.Injector.GetInstance[T]() in C:\Prompt11\PROMPT11\uc01\repos\PROMPT11-02-AdvancedProgramming.lzacarias\Trabalho Final\Mod02-FinalWork\ChelasInjection\Injector.cs:line 86
at ChelasInjection.Tests.ChelasInjectionTests.ShouldHaveSingletonActivationForISomeInterface3Request() in C:\Prompt11\PROMPT11\uc01\repos\PROMPT11-02-AdvancedProgramming.lzacarias\Trabalho Final\Mod02-FinalWork\ChelasInjection.Tests\ChelasInjectionTests.cs:line 195
]]></stack-trace>
                    </failure>
                  </test-case>
                  <test-case name="ChelasInjection.Tests.ChelasInjectionTests.ShouldHaveSingletonActivationForSomeClass7CustomResolverProvidedInstances" executed="True" result="Failure" success="False" time="0.006" asserts="2">
                    <failure>
                      <message><![CDATA[  Expected: same as <ChelasInjection.SampleTypes.SomeClass7>
  But was:  <ChelasInjection.SampleTypes.SomeClass7>
]]></message>
                      <stack-trace><![CDATA[at ChelasInjection.Tests.ChelasInjectionTests.ShouldHaveSingletonActivationForSomeClass7CustomResolverProvidedInstances() in C:\Prompt11\PROMPT11\uc01\repos\PROMPT11-02-AdvancedProgramming.lzacarias\Trabalho Final\Mod02-FinalWork\ChelasInjection.Tests\ChelasInjectionTests.cs:line 389
]]></stack-trace>
                    </failure>
                  </test-case>
                  <test-case name="ChelasInjection.Tests.ChelasInjectionTests.ShouldMaintainActivationEvenForSomeClass7ProvidedByCustomResolver" executed="True" result="Failure" success="False" time="0.005" asserts="2">
                    <failure>
                      <message><![CDATA[  Expected: same as <ChelasInjection.SampleTypes.SomeClass7>
  But was:  <ChelasInjection.SampleTypes.SomeClass7>
]]></message>
                      <stack-trace><![CDATA[at ChelasInjection.Tests.ChelasInjectionTests.ShouldMaintainActivationEvenForSomeClass7ProvidedByCustomResolver() in C:\Prompt11\PROMPT11\uc01\repos\PROMPT11-02-AdvancedProgramming.lzacarias\Trabalho Final\Mod02-FinalWork\ChelasInjection.Tests\ChelasInjectionTests.cs:line 363
]]></stack-trace>
                    </failure>
                  </test-case>
                  <test-case name="ChelasInjection.Tests.ChelasInjectionTests.ShouldReturnSomeClass6NotBoundAndCreatedByTheCustomResolver" executed="True" result="Success" success="True" time="0.003" asserts="1" />
                  <test-case name="ChelasInjection.Tests.ChelasInjectionTests.ShouldThrowCircularDependencyExceptionOnInstantiationForSomeClass1" executed="True" result="Failure" success="False" time="0.022" asserts="0">
                    <failure>
                      <message><![CDATA[The Injector.GetInstance should have thrown a CircularDependencyException]]></message>
                      <stack-trace><![CDATA[at ChelasInjection.Tests.ChelasInjectionTests.ShouldThrowCircularDependencyExceptionOnInstantiationForSomeClass1() in C:\Prompt11\PROMPT11\uc01\repos\PROMPT11-02-AdvancedProgramming.lzacarias\Trabalho Final\Mod02-FinalWork\ChelasInjection.Tests\ChelasInjectionTests.cs:line 104
]]></stack-trace>
                    </failure>
                  </test-case>
                  <test-case name="ChelasInjection.Tests.ChelasInjectionTests.ShouldThrowUnboundTypeExceptionForAnUnboundAbstractType" executed="True" result="Success" success="True" time="0.014" asserts="0" />
                  <test-case name="ChelasInjection.Tests.ChelasInjectionTests.ShouldUseTheLastBindForISomeInterface4" executed="True" result="Error" success="False" time="0.009" asserts="0">
                    <failure>
                      <message><![CDATA[System.Reflection.TargetInvocationException : Exception has been thrown by the target of an invocation.
  ----> System.NotImplementedException : The method or operation is not implemented.]]></message>
                      <stack-trace><![CDATA[at System.RuntimeMethodHandle._InvokeConstructor(IRuntimeMethodInfo method, Object[] args, SignatureStruct& signature, RuntimeType declaringType)
at System.Reflection.RuntimeConstructorInfo.Invoke(BindingFlags invokeAttr, Binder binder, Object[] parameters, CultureInfo culture)
at System.Reflection.ConstructorInfo.Invoke(Object[] parameters)
at ChelasInjection.Injector.GetInstance(Type type) in C:\Prompt11\PROMPT11\uc01\repos\PROMPT11-02-AdvancedProgramming.lzacarias\Trabalho Final\Mod02-FinalWork\ChelasInjection\Injector.cs:line 63
at ChelasInjection.Injector.<GetInstance>b__2(ParameterInfo param1) in C:\Prompt11\PROMPT11\uc01\repos\PROMPT11-02-AdvancedProgramming.lzacarias\Trabalho Final\Mod02-FinalWork\ChelasInjection\Injector.cs:line 62
at System.Linq.Enumerable.WhereSelectArrayIterator`2.MoveNext()
at System.Linq.Buffer`1..ctor(IEnumerable`1 source)
at System.Linq.Enumerable.ToArray[TSource](IEnumerable`1 source)
at ChelasInjection.Injector.GetInstance(Type type) in C:\Prompt11\PROMPT11\uc01\repos\PROMPT11-02-AdvancedProgramming.lzacarias\Trabalho Final\Mod02-FinalWork\ChelasInjection\Injector.cs:line 62
at ChelasInjection.Injector.GetInstance[T]() in C:\Prompt11\PROMPT11\uc01\repos\PROMPT11-02-AdvancedProgramming.lzacarias\Trabalho Final\Mod02-FinalWork\ChelasInjection\Injector.cs:line 86
at ChelasInjection.Tests.ChelasInjectionTests.ShouldUseTheLastBindForISomeInterface4() in C:\Prompt11\PROMPT11\uc01\repos\PROMPT11-02-AdvancedProgramming.lzacarias\Trabalho Final\Mod02-FinalWork\ChelasInjection.Tests\ChelasInjectionTests.cs:line 300
--NotImplementedException
at ChelasInjection.SampleTypes.SomeInterface1Impl..ctor(ISomeInterface5 i5) in C:\Prompt11\PROMPT11\uc01\repos\PROMPT11-02-AdvancedProgramming.lzacarias\Trabalho Final\Mod02-FinalWork\ChelasInjection.SampleTypes\SomeInterface1Impl.cs:line 13
]]></stack-trace>
                    </failure>
                  </test-case>
                  <test-case name="ChelasInjection.Tests.ChelasInjectionTests.ShouldUseTheLastConstructorDefinitionInOneBindForISomeInterface3" executed="True" result="Error" success="False" time="0.005" asserts="0">
                    <failure>
                      <message><![CDATA[ChelasInjection.Exceptions.UnboundTypeException : type ISomeInterface3 nao encontrado no dicionario de binds]]></message>
                      <stack-trace><![CDATA[at ChelasInjection.Injector.GetInstance(Type type) in C:\Prompt11\PROMPT11\uc01\repos\PROMPT11-02-AdvancedProgramming.lzacarias\Trabalho Final\Mod02-FinalWork\ChelasInjection\Injector.cs:line 50
at ChelasInjection.Injector.GetInstance[T]() in C:\Prompt11\PROMPT11\uc01\repos\PROMPT11-02-AdvancedProgramming.lzacarias\Trabalho Final\Mod02-FinalWork\ChelasInjection\Injector.cs:line 86
at ChelasInjection.Tests.ChelasInjectionTests.ShouldUseTheLastConstructorDefinitionInOneBindForISomeInterface3() in C:\Prompt11\PROMPT11\uc01\repos\PROMPT11-02-AdvancedProgramming.lzacarias\Trabalho Final\Mod02-FinalWork\ChelasInjection.Tests\ChelasInjectionTests.cs:line 315
]]></stack-trace>
                    </failure>
                  </test-case>
                </results>
              </test-suite>
            </results>
          </test-suite>
        </results>
      </test-suite>
    </results>
  </test-suite>
</test-results>